2016-05-01 22:41:30 Error: [MissingControllerException] Controller class Controller could not be found.
Exception Attributes: array (
  'class' => 'Controller',
  'plugin' => NULL,
)
Request URL: /dev/ameego/webmaster/
Stack Trace:
#0 /home/cssme126/public_html/sandboxonline/dev/ameego/webmaster/app/webroot/index.php(109): Dispatcher->dispatch(Object(CakeRequest), Object(CakeResponse))
#1 {main}
2016-05-01 22:41:36 Error: [PDOException] SQLSTATE[42S22]: Column not found: 1054 Unknown column 'User.is_first_login' in 'field list'
Request URL: /dev/ameego/webmaster/admin
Stack Trace:
#0 /home/cssme126/public_html/sandboxonline/dev/ameego/webmaster/lib/Cake/Model/Datasource/DboSource.php(460): PDOStatement->execute(Array)
#1 /home/cssme126/public_html/sandboxonline/dev/ameego/webmaster/lib/Cake/Model/Datasource/DboSource.php(426): DboSource->_execute('SELECT `User`.`...', Array)
#2 /home/cssme126/public_html/sandboxonline/dev/ameego/webmaster/lib/Cake/Model/Datasource/DboSource.php(670): DboSource->execute('SELECT `User`.`...', Array, Array)
#3 /home/cssme126/public_html/sandboxonline/dev/ameego/webmaster/lib/Cake/Model/Datasource/DboSource.php(1081): DboSource->fetchAll('SELECT `User`.`...', false)
#4 /home/cssme126/public_html/sandboxonline/dev/ameego/webmaster/lib/Cake/Model/Model.php(2694): DboSource->read(Object(User), Array)
#5 /home/cssme126/public_html/sandboxonline/dev/ameego/webmaster/lib/Cake/Model/Datasource/DboSource.php(599): Model->find('first', Array)
#6 /home/cssme126/public_html/sandboxonline/dev/ameego/webmaster/lib/Cake/Model/Model.php(800): DboSource->query('findByUserId', Array, Object(User))
#7 /home/cssme126/public_html/sandboxonline/dev/ameego/webmaster/app/Controller/LoginsController.php(36): Model->__call('findByUserId', Array)
#8 /home/cssme126/public_html/sandboxonline/dev/ameego/webmaster/app/Controller/LoginsController.php(36): User->findByUserId('1', Array)
#9 [internal function]: LoginsController->login()
#10 /home/cssme126/public_html/sandboxonline/dev/ameego/webmaster/lib/Cake/Controller/Controller.php(486): ReflectionMethod->invokeArgs(Object(LoginsController), Array)
#11 /home/cssme126/public_html/sandboxonline/dev/ameego/webmaster/lib/Cake/Routing/Dispatcher.php(187): Controller->invokeAction(Object(CakeRequest))
#12 /home/cssme126/public_html/sandboxonline/dev/ameego/webmaster/lib/Cake/Routing/Dispatcher.php(162): Dispatcher->_invoke(Object(LoginsController), Object(CakeRequest), Object(CakeResponse))
#13 /home/cssme126/public_html/sandboxonline/dev/ameego/webmaster/app/webroot/index.php(109): Dispatcher->dispatch(Object(CakeRequest), Object(CakeResponse))
#14 {main}
