2016-05-04 01:45:27 Error: [PDOException] SQLSTATE[23000]: Integrity constraint violation: 1048 Column 'place_id' cannot be null
Request URL: /dev/ameego/webmaster/ameego/addCard
Stack Trace:
#0 /home/cssme126/public_html/sandboxonline/dev/ameego/webmaster/lib/Cake/Model/Datasource/DboSource.php(460): PDOStatement->execute(Array)
#1 /home/cssme126/public_html/sandboxonline/dev/ameego/webmaster/lib/Cake/Model/Datasource/DboSource.php(426): DboSource->_execute('INSERT INTO `cs...', Array)
#2 /home/cssme126/public_html/sandboxonline/dev/ameego/webmaster/lib/Cake/Model/Datasource/DboSource.php(1008): DboSource->execute('INSERT INTO `cs...')
#3 /home/cssme126/public_html/sandboxonline/dev/ameego/webmaster/lib/Cake/Model/Model.php(1742): DboSource->create(Object(AppModel), Array, Array)
#4 /home/cssme126/public_html/sandboxonline/dev/ameego/webmaster/app/Controller/AmeegoController.php(158): Model->save(Array)
#5 [internal function]: AmeegoController->addCard()
#6 /home/cssme126/public_html/sandboxonline/dev/ameego/webmaster/lib/Cake/Controller/Controller.php(486): ReflectionMethod->invokeArgs(Object(AmeegoController), Array)
#7 /home/cssme126/public_html/sandboxonline/dev/ameego/webmaster/lib/Cake/Routing/Dispatcher.php(187): Controller->invokeAction(Object(CakeRequest))
#8 /home/cssme126/public_html/sandboxonline/dev/ameego/webmaster/lib/Cake/Routing/Dispatcher.php(162): Dispatcher->_invoke(Object(AmeegoController), Object(CakeRequest), Object(CakeResponse))
#9 /home/cssme126/public_html/sandboxonline/dev/ameego/webmaster/app/webroot/index.php(109): Dispatcher->dispatch(Object(CakeRequest), Object(CakeResponse))
#10 {main}
2016-05-04 01:49:46 Error: [MissingControllerException] Controller class ImgController could not be found.
Exception Attributes: array (
  'class' => 'ImgController',
  'plugin' => NULL,
)
Request URL: /Ameego/webmaster/img/places/1462306462_courses4.jpg
Stack Trace:
#0 D:\xampp\htdocs\Ameego\webmaster\app\webroot\index.php(111): Dispatcher->dispatch(Object(CakeRequest), Object(CakeResponse))
#1 {main}
2016-05-04 01:54:45 Error: [MissingControllerException] Controller class ImgController could not be found.
Exception Attributes: array (
  'class' => 'ImgController',
  'plugin' => NULL,
)
Request URL: /Ameego/webmaster/img/places/1462306462_courses4.jpg
Stack Trace:
#0 D:\xampp\htdocs\Ameego\webmaster\app\webroot\index.php(111): Dispatcher->dispatch(Object(CakeRequest), Object(CakeResponse))
#1 {main}
2016-05-04 02:08:17 Error: [MissingControllerException] Controller class ImgController could not be found.
Exception Attributes: array (
  'class' => 'ImgController',
  'plugin' => NULL,
)
Request URL: /Ameego/webmaster/img/places/1462306462_courses4.jpg
Stack Trace:
#0 D:\xampp\htdocs\Ameego\webmaster\app\webroot\index.php(111): Dispatcher->dispatch(Object(CakeRequest), Object(CakeResponse))
#1 {main}
